<?xml version="1.0" encoding="UTF-8"?>
<testsuite xmlns:xsi="http://www.w3.org/2001/XMLSchema-instance" xsi:noNamespaceSchemaLocation="https://maven.apache.org/surefire/maven-surefire-plugin/xsd/surefire-test-report-3.0.xsd" version="3.0" name="ListByCriteriaTest" time="3.417" tests="5" errors="0" skipped="0" failures="0">
  <properties>
[...]
</properties>
  <testcase name="listByCriteriaTest_nameLikeProduct" classname="ListByCriteriaTest" time="0.011">
    <system-out><![CDATA[Result list: (criteria: name = Молоко)
No products found matching the criteria.
]]></system-out>
  </testcase>
  <testcase name="listByCriteriaTest_priceLessThan30" classname="ListByCriteriaTest" time="0.003">
    <system-out><![CDATA[Result list: (criteria: price_per_unit < 30.00)
88    |Updated Milk|Updated Description|Updated Manufacturer|200|2.99|2
]]></system-out>
  </testcase>
  <testcase name="listByCriteriaTest_idGreaterThanZero" classname="ListByCriteriaTest" time="0.002">
    <system-out><![CDATA[Result list: (criteria: id > 0)
88    |Updated Milk|Updated Description|Updated Manufacturer|200|2.99|2
]]></system-out>
  </testcase>
  <testcase name="listByCriteriaTest_quantityGreaterThan200" classname="ListByCriteriaTest" time="0.002">
    <system-out><![CDATA[Result list: (criteria: quantity_in_stock > 200)
No products found matching the criteria.
]]></system-out>
  </testcase>
  <testcase name="listByCriteriaTest_descriptionLikeDesc" classname="ListByCriteriaTest" time="0.003">
    <system-out><![CDATA[Result list: (criteria: description = Description%)
No products found matching the criteria.
]]></system-out>
  </testcase>
</testsuite>